# JRE version: Java(TM) SE Runtime Environment (8.0_191-b12) (build 1.8.0_191-b12)
# Java VM: Java HotSpot(TM) 64-Bit Server VM (25.191-b12 mixed mode windows-amd64 compressed oops)
Heap:
 PSYoungGen      total 141824K, used 24029K [0x000000076b000000, 0x0000000778b80000, 0x00000007c0000000)
  eden space 131072K, 10% used [0x000000076b000000,0x000000076bcf8508,0x0000000773000000)
  from space 10752K, 99% used [0x0000000773000000,0x0000000773a7f058,0x0000000773a80000)
  to   space 20992K, 0% used [0x0000000777700000,0x0000000777700000,0x0000000778b80000)
 ParOldGen       total 130048K, used 24655K [0x00000006c1000000, 0x00000006c8f00000, 0x000000076b000000)
  object space 130048K, 18% used [0x00000006c1000000,0x00000006c2813f30,0x00000006c8f00000)
 Metaspace       used 24980K, capacity 25644K, committed 25984K, reserved 1073152K
  class space    used 2917K, capacity 3085K, committed 3200K, reserved 1048576K
GC Heap History (10 events):
Event: 1.045 GC heap before
{Heap before GC invocations=2 (full 0):
 PSYoungGen      total 76288K, used 74821K [0x000000076b000000, 0x0000000774500000, 0x00000007c0000000)
  eden space 65536K, 100% used [0x000000076b000000,0x000000076f000000,0x000000076f000000)
  from space 10752K, 86% used [0x000000076f000000,0x000000076f911678,0x000000076fa80000)
  to   space 10752K, 0% used [0x0000000773a80000,0x0000000773a80000,0x0000000774500000)
 ParOldGen       total 175104K, used 16K [0x00000006c1000000, 0x00000006cbb00000, 0x000000076b000000)
  object space 175104K, 0% used [0x00000006c1000000,0x00000006c1004000,0x00000006cbb00000)
 Metaspace       used 15650K, capacity 15994K, committed 16128K, reserved 1062912K
  class space    used 1896K, capacity 2009K, committed 2048K, reserved 1048576K
Event: 1.053 GC heap after
Heap after GC invocations=2 (full 0):
 PSYoungGen      total 141824K, used 10737K [0x000000076b000000, 0x0000000774500000, 0x00000007c0000000)
  eden space 131072K, 0% used [0x000000076b000000,0x000000076b000000,0x0000000773000000)
  from space 10752K, 99% used [0x0000000773a80000,0x00000007744fc550,0x0000000774500000)
  to   space 10752K, 0% used [0x0000000773000000,0x0000000773000000,0x0000000773a80000)
 ParOldGen       total 175104K, used 1286K [0x00000006c1000000, 0x00000006cbb00000, 0x000000076b000000)
  object space 175104K, 0% used [0x00000006c1000000,0x00000006c11419b0,0x00000006cbb00000)
 Metaspace       used 15650K, capacity 15994K, committed 16128K, reserved 1062912K
  class space    used 1896K, capacity 2009K, committed 2048K, reserved 1048576K
}
Event: 1.644 GC heap before
{Heap before GC invocations=3 (full 0):
 PSYoungGen      total 141824K, used 141809K [0x000000076b000000, 0x0000000774500000, 0x00000007c0000000)
  eden space 131072K, 100% used [0x000000076b000000,0x0000000773000000,0x0000000773000000)
  from space 10752K, 99% used [0x0000000773a80000,0x00000007744fc550,0x0000000774500000)
  to   space 10752K, 0% used [0x0000000773000000,0x0000000773000000,0x0000000773a80000)
 ParOldGen       total 175104K, used 1286K [0x00000006c1000000, 0x00000006cbb00000, 0x000000076b000000)
  object space 175104K, 0% used [0x00000006c1000000,0x00000006c11419b0,0x00000006cbb00000)
 Metaspace       used 17431K, capacity 17886K, committed 18048K, reserved 1064960K
  class space    used 2040K, capacity 2162K, committed 2176K, reserved 1048576K
Event: 1.658 GC heap after
Heap after GC invocations=3 (full 0):
 PSYoungGen      total 141824K, used 10744K [0x000000076b000000, 0x0000000774500000, 0x00000007c0000000)
  eden space 131072K, 0% used [0x000000076b000000,0x000000076b000000,0x0000000773000000)
  from space 10752K, 99% used [0x0000000773000000,0x0000000773a7e070,0x0000000773a80000)
  to   space 10752K, 0% used [0x0000000773a80000,0x0000000773a80000,0x0000000774500000)
 ParOldGen       total 175104K, used 9237K [0x00000006c1000000, 0x00000006cbb00000, 0x000000076b000000)
  object space 175104K, 5% used [0x00000006c1000000,0x00000006c1905798,0x00000006cbb00000)
 Metaspace       used 17431K, capacity 17886K, committed 18048K, reserved 1064960K
  class space    used 2040K, capacity 2162K, committed 2176K, reserved 1048576K
}
Event: 1.833 GC heap before
{Heap before GC invocations=4 (full 0):
 PSYoungGen      total 141824K, used 29573K [0x000000076b000000, 0x0000000774500000, 0x00000007c0000000)
  eden space 131072K, 14% used [0x000000076b000000,0x000000076c263628,0x0000000773000000)
  from space 10752K, 99% used [0x0000000773000000,0x0000000773a7e070,0x0000000773a80000)
  to   space 10752K, 0% used [0x0000000773a80000,0x0000000773a80000,0x0000000774500000)
 ParOldGen       total 175104K, used 9237K [0x00000006c1000000, 0x00000006cbb00000, 0x000000076b000000)
  object space 175104K, 5% used [0x00000006c1000000,0x00000006c1905798,0x00000006cbb00000)
 Metaspace       used 20651K, capacity 21140K, committed 21296K, reserved 1069056K
  class space    used 2476K, capacity 2588K, committed 2688K, reserved 1048576K
Event: 1.840 GC heap after
Heap after GC invocations=4 (full 0):
 PSYoungGen      total 141824K, used 10728K [0x000000076b000000, 0x0000000774500000, 0x00000007c0000000)
  eden space 131072K, 0% used [0x000000076b000000,0x000000076b000000,0x0000000773000000)
  from space 10752K, 99% used [0x0000000773a80000,0x00000007744fa070,0x0000000774500000)
  to   space 10752K, 0% used [0x0000000773000000,0x0000000773000000,0x0000000773a80000)
 ParOldGen       total 175104K, used 10590K [0x00000006c1000000, 0x00000006cbb00000, 0x000000076b000000)
  object space 175104K, 6% used [0x00000006c1000000,0x00000006c1a57bd0,0x00000006cbb00000)
 Metaspace       used 20651K, capacity 21140K, committed 21296K, reserved 1069056K
  class space    used 2476K, capacity 2588K, committed 2688K, reserved 1048576K
}
Event: 1.840 GC heap before
{Heap before GC invocations=5 (full 1):
 PSYoungGen      total 141824K, used 10728K [0x000000076b000000, 0x0000000774500000, 0x00000007c0000000)
  eden space 131072K, 0% used [0x000000076b000000,0x000000076b000000,0x0000000773000000)
  from space 10752K, 99% used [0x0000000773a80000,0x00000007744fa070,0x0000000774500000)
  to   space 10752K, 0% used [0x0000000773000000,0x0000000773000000,0x0000000773a80000)
 ParOldGen       total 175104K, used 10590K [0x00000006c1000000, 0x00000006cbb00000, 0x000000076b000000)
  object space 175104K, 6% used [0x00000006c1000000,0x00000006c1a57bd0,0x00000006cbb00000)
 Metaspace       used 20651K, capacity 21140K, committed 21296K, reserved 1069056K
  class space    used 2476K, capacity 2588K, committed 2688K, reserved 1048576K
Event: 1.893 GC heap after
Heap after GC invocations=5 (full 1):
 PSYoungGen      total 141824K, used 0K [0x000000076b000000, 0x0000000774500000, 0x00000007c0000000)
  eden space 131072K, 0% used [0x000000076b000000,0x000000076b000000,0x0000000773000000)
  from space 10752K, 0% used [0x0000000773a80000,0x0000000773a80000,0x0000000774500000)
  to   space 10752K, 0% used [0x0000000773000000,0x0000000773000000,0x0000000773a80000)
 ParOldGen       total 130048K, used 18119K [0x00000006c1000000, 0x00000006c8f00000, 0x000000076b000000)
  object space 130048K, 13% used [0x00000006c1000000,0x00000006c21b1f40,0x00000006c8f00000)
 Metaspace       used 20651K, capacity 21140K, committed 21296K, reserved 1069056K
  class space    used 2476K, capacity 2588K, committed 2688K, reserved 1048576K
}
Event: 2.900 GC heap before
{Heap before GC invocations=6 (full 1):
 PSYoungGen      total 141824K, used 131072K [0x000000076b000000, 0x0000000774500000, 0x00000007c0000000)
  eden space 131072K, 100% used [0x000000076b000000,0x0000000773000000,0x0000000773000000)
  from space 10752K, 0% used [0x0000000773a80000,0x0000000773a80000,0x0000000774500000)
  to   space 10752K, 0% used [0x0000000773000000,0x0000000773000000,0x0000000773a80000)
 ParOldGen       total 130048K, used 18119K [0x00000006c1000000, 0x00000006c8f00000, 0x000000076b000000)
  object space 130048K, 13% used [0x00000006c1000000,0x00000006c21b1f40,0x00000006c8f00000)
 Metaspace       used 24298K, capacity 24908K, committed 25088K, reserved 1071104K
  class space    used 2830K, capacity 2989K, committed 3072K, reserved 1048576K
Event: 2.913 GC heap after
Heap after GC invocations=6 (full 1):
 PSYoungGen      total 141824K, used 10748K [0x000000076b000000, 0x0000000778b80000, 0x00000007c0000000)
  eden space 131072K, 0% used [0x000000076b000000,0x000000076b000000,0x0000000773000000)
  from space 10752K, 99% used [0x0000000773000000,0x0000000773a7f058,0x0000000773a80000)
  to   space 20992K, 0% used [0x0000000777700000,0x0000000777700000,0x0000000778b80000)
 ParOldGen       total 130048K, used 24655K [0x00000006c1000000, 0x00000006c8f00000, 0x000000076b000000)
  object space 130048K, 18% used [0x00000006c1000000,0x00000006c2813f30,0x00000006c8f00000)
 Metaspace       used 24298K, capacity 24908K, committed 25088K, reserved 1071104K
  class space    used 2830K, capacity 2989K, committed 3072K, reserved 1048576K
}

